<?xml version="1.0" encoding="UTF-8"?>
<!-- Generated by org.testng.reporters.JUnitXMLReporter -->
<testsuite ignored="0" hostname="DESKTOP-0NBA5SR" failures="0" tests="4" name="Default test" time="26.981" errors="0" timestamp="2024-06-22T00:58:21 EEST">
  <testcase classname="tests.LoginTests" name="EmptyCredentials" time="0.336"/>
  <testcase classname="tests.LoginTests" name="MainScreenElements" time="0.046"/>
  <testcase classname="tests.LoginTests" name="ValidCredentials" time="0.363"/>
  <testcase classname="tests.LoginTests" name="WrongCredentials" time="0.349"/>
</testsuite> <!-- Default test -->
