<?xml version="1.0" encoding="UTF-8"?>
<testng-results ignored="0" total="4" passed="4" failed="0" skipped="0">
  <reporter-output>
  </reporter-output>
  <suite started-at="2024-06-22T00:57:54 EEST" name="Default suite" finished-at="2024-06-22T00:58:21 EEST" duration-ms="26981">
    <groups>
    </groups>
    <test started-at="2024-06-22T00:57:54 EEST" name="Default test" finished-at="2024-06-22T00:58:21 EEST" duration-ms="26981">
      <class name="tests.LoginTests">
        <test-method is-config="true" signature="setUp()[pri:0, instance:tests.LoginTests@3232a28a]" started-at="2024-06-22T00:57:54 EEST" name="setUp" finished-at="2024-06-22T00:57:59 EEST" duration-ms="4984" status="PASS">
          <reporter-output>
          </reporter-output>
        </test-method> <!-- setUp -->
        <test-method signature="EmptyCredentials()[pri:0, instance:tests.LoginTests@3232a28a]" started-at="2024-06-22T00:57:59 EEST" name="EmptyCredentials" finished-at="2024-06-22T00:57:59 EEST" duration-ms="336" status="PASS">
          <reporter-output>
          </reporter-output>
        </test-method> <!-- EmptyCredentials -->
        <test-method is-config="true" signature="tearDown()[pri:0, instance:tests.LoginTests@3232a28a]" started-at="2024-06-22T00:57:59 EEST" name="tearDown" finished-at="2024-06-22T00:58:03 EEST" duration-ms="3311" status="PASS">
          <reporter-output>
          </reporter-output>
        </test-method> <!-- tearDown -->
        <test-method is-config="true" signature="setUp()[pri:0, instance:tests.LoginTests@3232a28a]" started-at="2024-06-22T00:58:03 EEST" name="setUp" finished-at="2024-06-22T00:58:06 EEST" duration-ms="3202" status="PASS">
          <reporter-output>
          </reporter-output>
        </test-method> <!-- setUp -->
        <test-method signature="MainScreenElements()[pri:0, instance:tests.LoginTests@3232a28a]" started-at="2024-06-22T00:58:06 EEST" name="MainScreenElements" finished-at="2024-06-22T00:58:06 EEST" duration-ms="46" status="PASS">
          <reporter-output>
          </reporter-output>
        </test-method> <!-- MainScreenElements -->
        <test-method is-config="true" signature="tearDown()[pri:0, instance:tests.LoginTests@3232a28a]" started-at="2024-06-22T00:58:06 EEST" name="tearDown" finished-at="2024-06-22T00:58:09 EEST" duration-ms="3348" status="PASS">
          <reporter-output>
          </reporter-output>
        </test-method> <!-- tearDown -->
        <test-method is-config="true" signature="setUp()[pri:0, instance:tests.LoginTests@3232a28a]" started-at="2024-06-22T00:58:09 EEST" name="setUp" finished-at="2024-06-22T00:58:12 EEST" duration-ms="2407" status="PASS">
          <reporter-output>
          </reporter-output>
        </test-method> <!-- setUp -->
        <test-method signature="ValidCredentials()[pri:0, instance:tests.LoginTests@3232a28a]" started-at="2024-06-22T00:58:12 EEST" name="ValidCredentials" finished-at="2024-06-22T00:58:12 EEST" duration-ms="363" status="PASS">
          <reporter-output>
          </reporter-output>
        </test-method> <!-- ValidCredentials -->
        <test-method is-config="true" signature="tearDown()[pri:0, instance:tests.LoginTests@3232a28a]" started-at="2024-06-22T00:58:12 EEST" name="tearDown" finished-at="2024-06-22T00:58:15 EEST" duration-ms="3173" status="PASS">
          <reporter-output>
          </reporter-output>
        </test-method> <!-- tearDown -->
        <test-method is-config="true" signature="setUp()[pri:0, instance:tests.LoginTests@3232a28a]" started-at="2024-06-22T00:58:15 EEST" name="setUp" finished-at="2024-06-22T00:58:17 EEST" duration-ms="2213" status="PASS">
          <reporter-output>
          </reporter-output>
        </test-method> <!-- setUp -->
        <test-method signature="WrongCredentials()[pri:0, instance:tests.LoginTests@3232a28a]" started-at="2024-06-22T00:58:17 EEST" name="WrongCredentials" finished-at="2024-06-22T00:58:18 EEST" duration-ms="349" status="PASS">
          <reporter-output>
          </reporter-output>
        </test-method> <!-- WrongCredentials -->
        <test-method is-config="true" signature="tearDown()[pri:0, instance:tests.LoginTests@3232a28a]" started-at="2024-06-22T00:58:18 EEST" name="tearDown" finished-at="2024-06-22T00:58:21 EEST" duration-ms="3200" status="PASS">
          <reporter-output>
          </reporter-output>
        </test-method> <!-- tearDown -->
      </class> <!-- tests.LoginTests -->
    </test> <!-- Default test -->
  </suite> <!-- Default suite -->
</testng-results>
